<?xml version="1.0" encoding="utf-8" standalone="no"?>
<!--This file represents the results of running a test suite-->
<test-results name="D:\02 tugas\LibraryTest\bin\Debug\netstandard2.0\LibraryUnitTest.dll" total="2" errors="0" failures="0" not-run="0" inconclusive="0" ignored="0" skipped="0" invalid="0" date="2021-10-28" time="19:39:36">
  <environment nunit-version="2.6.4.14350" clr-version="2.0.50727.9151" os-version="Microsoft Windows NT 6.2.9200.0" platform="Win32NT" cwd="C:\tools-testing" machine-name="LAPTOP-DHOE8V91" user="ASUS" user-domain="LAPTOP-DHOE8V91" />
  <culture-info current-culture="en-US" current-uiculture="en-US" />
  <test-suite type="Assembly" name="D:\02 tugas\LibraryTest\bin\Debug\netstandard2.0\LibraryUnitTest.dll" executed="True" result="Success" success="True" time="0.105" asserts="0">
    <results>
      <test-suite type="Namespace" name="LibraryTest" executed="True" result="Success" success="True" time="0.091" asserts="0">
        <results>
          <test-suite type="TestFixture" name="LibraryTest" executed="True" result="Success" success="True" time="0.071" asserts="0">
            <results>
              <test-case name="LibraryTest.LibraryTest.DayTest" executed="True" result="Success" success="True" time="0.035" asserts="1" />
              <test-case name="LibraryTest.LibraryTest.UserTest" executed="True" result="Success" success="True" time="0.001" asserts="1" />
            </results>
          </test-suite>
        </results>
      </test-suite>
    </results>
  </test-suite>
</test-results>